{"uid":"56078af064ee4516","name":"TestAdminLogin","fullName":"testClasses.gui.AdminLogin.TestAdminLogin","historyId":"e6a73b151768c5c22be511b83fb5c751","time":{"start":1698121226109,"stop":1698121234105,"duration":7996},"description":"Check that Admin can login with Valid credentials","descriptionHtml":"<p>Check that Admin can login with Valid credentials</p>\n","status":"failed","statusMessage":"Failed to detect text on :[Dashboard page title]","statusTrace":"java.lang.AssertionError: Failed to detect text on :[Dashboard page title]\n\tat org.testng.Assert.fail(Assert.java:98)\n\tat Automation.engine.elementWorks.ElementActions.GetElementText(ElementActions.java:72)\n\tat Autofox.objects.objectGui.DashboardPage.GetDashboardPageTitleName(DashboardPage.java:32)\n\tat testClasses.gui.AdminLogin.TestAdminLogin(AdminLogin.java:77)\n\tat java.base/jdk.internal.reflect.NativeMethodAccessorImpl.invoke0(Native Method)\n\tat java.base/jdk.internal.reflect.NativeMethodAccessorImpl.invoke(NativeMethodAccessorImpl.java:77)\n\tat java.base/jdk.internal.reflect.DelegatingMethodAccessorImpl.invoke(DelegatingMethodAccessorImpl.java:43)\n\tat java.base/java.lang.reflect.Method.invoke(Method.java:568)\n\tat org.testng.internal.invokers.MethodInvocationHelper.invokeMethod(MethodInvocationHelper.java:139)\n\tat org.testng.internal.invokers.TestInvoker.invokeMethod(TestInvoker.java:677)\n\tat org.testng.internal.invokers.TestInvoker.invokeTestMethod(TestInvoker.java:221)\n\tat org.testng.internal.invokers.MethodRunner.runInSequence(MethodRunner.java:50)\n\tat org.testng.internal.invokers.TestInvoker$MethodInvocationAgent.invoke(TestInvoker.java:969)\n\tat org.testng.internal.invokers.TestInvoker.invokeTestMethods(TestInvoker.java:194)\n\tat org.testng.internal.invokers.TestMethodWorker.invokeTestMethods(TestMethodWorker.java:148)\n\tat org.testng.internal.invokers.TestMethodWorker.run(TestMethodWorker.java:128)\n\tat java.base/java.util.ArrayList.forEach(ArrayList.java:1511)\n\tat org.testng.TestRunner.privateRun(TestRunner.java:829)\n\tat org.testng.TestRunner.run(TestRunner.java:602)\n\tat org.testng.SuiteRunner.runTest(SuiteRunner.java:437)\n\tat org.testng.SuiteRunner.runSequentially(SuiteRunner.java:431)\n\tat org.testng.SuiteRunner.privateRun(SuiteRunner.java:391)\n\tat org.testng.SuiteRunner.run(SuiteRunner.java:330)\n\tat org.testng.SuiteRunnerWorker.runSuite(SuiteRunnerWorker.java:52)\n\tat org.testng.SuiteRunnerWorker.run(SuiteRunnerWorker.java:95)\n\tat java.base/java.util.concurrent.ThreadPoolExecutor.runWorker(ThreadPoolExecutor.java:1136)\n\tat java.base/java.util.concurrent.ThreadPoolExecutor$Worker.run(ThreadPoolExecutor.java:635)\n\tat java.base/java.lang.Thread.run(Thread.java:833)\nCaused by: java.lang.NullPointerException: Cannot invoke \"org.openqa.selenium.WebElement.getText()\" because the return value of \"Automation.engine.elementWorks.ElementHelper.locateElement(org.openqa.selenium.WebDriver, org.openqa.selenium.By, String)\" is null\n\tat Automation.engine.elementWorks.ElementActions.GetElementText(ElementActions.java:65)\n\t... 26 more\n","flaky":false,"newFailed":false,"newBroken":false,"newPassed":false,"retriesCount":0,"retriesStatusChange":false,"beforeStages":[{"name":"setup","time":{"start":1698121213780,"stop":1698121217678,"duration":3898},"description":"","status":"passed","steps":[{"name":"Start Browser {Stand alone grid} : chrome","time":{"start":1698121214846,"stop":1698121214846,"duration":0},"status":"passed","steps":[],"attachments":[],"parameters":[],"stepsCount":0,"attachmentsCount":0,"shouldDisplayMessage":false,"hasContent":false},{"name":"Maximize browser window","time":{"start":1698121217371,"stop":1698121217371,"duration":0},"status":"passed","steps":[],"attachments":[],"parameters":[],"stepsCount":0,"attachmentsCount":0,"shouldDisplayMessage":false,"hasContent":false}],"attachments":[],"parameters":[],"stepsCount":2,"attachmentsCount":0,"shouldDisplayMessage":false,"hasContent":true}],"testStage":{"description":"Check that Admin can login with Valid credentials","status":"failed","statusMessage":"Failed to detect text on :[Dashboard page title]","statusTrace":"java.lang.AssertionError: Failed to detect text on :[Dashboard page title]\n\tat org.testng.Assert.fail(Assert.java:98)\n\tat Automation.engine.elementWorks.ElementActions.GetElementText(ElementActions.java:72)\n\tat Autofox.objects.objectGui.DashboardPage.GetDashboardPageTitleName(DashboardPage.java:32)\n\tat testClasses.gui.AdminLogin.TestAdminLogin(AdminLogin.java:77)\n\tat java.base/jdk.internal.reflect.NativeMethodAccessorImpl.invoke0(Native Method)\n\tat java.base/jdk.internal.reflect.NativeMethodAccessorImpl.invoke(NativeMethodAccessorImpl.java:77)\n\tat java.base/jdk.internal.reflect.DelegatingMethodAccessorImpl.invoke(DelegatingMethodAccessorImpl.java:43)\n\tat java.base/java.lang.reflect.Method.invoke(Method.java:568)\n\tat org.testng.internal.invokers.MethodInvocationHelper.invokeMethod(MethodInvocationHelper.java:139)\n\tat org.testng.internal.invokers.TestInvoker.invokeMethod(TestInvoker.java:677)\n\tat org.testng.internal.invokers.TestInvoker.invokeTestMethod(TestInvoker.java:221)\n\tat org.testng.internal.invokers.MethodRunner.runInSequence(MethodRunner.java:50)\n\tat org.testng.internal.invokers.TestInvoker$MethodInvocationAgent.invoke(TestInvoker.java:969)\n\tat org.testng.internal.invokers.TestInvoker.invokeTestMethods(TestInvoker.java:194)\n\tat org.testng.internal.invokers.TestMethodWorker.invokeTestMethods(TestMethodWorker.java:148)\n\tat org.testng.internal.invokers.TestMethodWorker.run(TestMethodWorker.java:128)\n\tat java.base/java.util.ArrayList.forEach(ArrayList.java:1511)\n\tat org.testng.TestRunner.privateRun(TestRunner.java:829)\n\tat org.testng.TestRunner.run(TestRunner.java:602)\n\tat org.testng.SuiteRunner.runTest(SuiteRunner.java:437)\n\tat org.testng.SuiteRunner.runSequentially(SuiteRunner.java:431)\n\tat org.testng.SuiteRunner.privateRun(SuiteRunner.java:391)\n\tat org.testng.SuiteRunner.run(SuiteRunner.java:330)\n\tat org.testng.SuiteRunnerWorker.runSuite(SuiteRunnerWorker.java:52)\n\tat org.testng.SuiteRunnerWorker.run(SuiteRunnerWorker.java:95)\n\tat java.base/java.util.concurrent.ThreadPoolExecutor.runWorker(ThreadPoolExecutor.java:1136)\n\tat java.base/java.util.concurrent.ThreadPoolExecutor$Worker.run(ThreadPoolExecutor.java:635)\n\tat java.base/java.lang.Thread.run(Thread.java:833)\nCaused by: java.lang.NullPointerException: Cannot invoke \"org.openqa.selenium.WebElement.getText()\" because the return value of \"Automation.engine.elementWorks.ElementHelper.locateElement(org.openqa.selenium.WebDriver, org.openqa.selenium.By, String)\" is null\n\tat Automation.engine.elementWorks.ElementActions.GetElementText(ElementActions.java:65)\n\t... 26 more\n","steps":[{"name":"Go to Login page","time":{"start":1698121226540,"stop":1698121226540,"duration":0},"status":"passed","steps":[],"attachments":[],"parameters":[],"stepsCount":0,"attachmentsCount":0,"shouldDisplayMessage":false,"hasContent":false},{"name":"Write : [2577+3] in : [Login Token Field]","time":{"start":1698121227128,"stop":1698121227128,"duration":0},"status":"passed","steps":[],"attachments":[],"parameters":[],"stepsCount":0,"attachmentsCount":0,"shouldDisplayMessage":false,"hasContent":false},{"name":"Click on [Login Button]","time":{"start":1698121228361,"stop":1698121228361,"duration":0},"status":"passed","steps":[],"attachments":[],"parameters":[],"stepsCount":0,"attachmentsCount":0,"shouldDisplayMessage":false,"hasContent":false},{"name":"Check the text in [Dashboard page title]","time":{"start":1698121228955,"stop":1698121228955,"duration":0},"status":"passed","steps":[],"attachments":[],"parameters":[],"stepsCount":0,"attachmentsCount":0,"shouldDisplayMessage":false,"hasContent":false},{"name":"Check the text in [Dashboard page title]","time":{"start":1698121234103,"stop":1698121234103,"duration":0},"status":"passed","steps":[],"attachments":[],"parameters":[],"stepsCount":0,"attachmentsCount":0,"shouldDisplayMessage":false,"hasContent":false}],"attachments":[],"parameters":[],"stepsCount":5,"attachmentsCount":0,"shouldDisplayMessage":true,"hasContent":true},"afterStages":[{"name":"TearDown","time":{"start":1698121247476,"stop":1698121248267,"duration":791},"description":"","status":"passed","steps":[{"name":"Close Browser","time":{"start":1698121247949,"stop":1698121247950,"duration":1},"status":"passed","steps":[],"attachments":[],"parameters":[],"stepsCount":0,"attachmentsCount":0,"shouldDisplayMessage":false,"hasContent":false}],"attachments":[],"parameters":[],"stepsCount":1,"attachmentsCount":0,"shouldDisplayMessage":false,"hasContent":true}],"labels":[{"name":"package","value":"testClasses.gui.AdminLogin"},{"name":"testClass","value":"testClasses.gui.AdminLogin"},{"name":"testMethod","value":"TestAdminLogin"},{"name":"parentSuite","value":"Login1"},{"name":"suite","value":"test3"},{"name":"subSuite","value":"testClasses.gui.AdminLogin"},{"name":"host","value":"de505381e20d"},{"name":"thread","value":"41@de505381e20d.TestNG-suites-1(20)"},{"name":"framework","value":"testng"},{"name":"language","value":"java"},{"name":"severity","value":"critical"},{"name":"resultFormat","value":"allure2"}],"parameters":[{"name":"BrowserType","value":"chrome"},{"name":"ConfigUrl","value":"src/test/resources/runFiles/Run.xml"},{"name":"Environment","value":"Alpha"},{"name":"ExecutionType","value":"GridSTA"},{"name":"ParaModule","value":"TimeSaving"},{"name":"allure.results.directory","value":"results/test3"},{"name":"arg0","value":"2577+3"}],"links":[],"hidden":false,"retry":false,"extra":{"severity":"critical","retries":[],"categories":[{"name":"Product defects","matchedStatuses":[],"flaky":false}],"history":{"statistic":{"failed":2,"broken":0,"skipped":0,"passed":0,"unknown":0,"total":2},"items":[{"uid":"2509382c9e5bed","status":"failed","statusDetails":"Failed to detect text on :[Dashboard page title]","time":{"start":1698121226109,"stop":1698121234105,"duration":7996}}]},"tags":[]},"source":"56078af064ee4516.json","parameterValues":["chrome","src/test/resources/runFiles/Run.xml","Alpha","GridSTA","TimeSaving","results/test3","2577+3"]}