{"uid":"caa41bb622ec7d7","name":"InvalidAdminCannotLogin","fullName":"testClasses.gui.AdminLogin.InvalidAdminCannotLogin","historyId":"6a53cb067180717e7cc06f14148a95b8","time":{"start":1698121198938,"stop":1698121205945,"duration":7007},"description":"Check that Admin cannot login with Valid credentials","descriptionHtml":"<p>Check that Admin cannot login with Valid credentials</p>\n","status":"failed","statusMessage":"Failed to clear text in field : Login Token Field","statusTrace":"java.lang.AssertionError: Failed to clear text in field : Login Token Field\n\tat org.testng.Assert.fail(Assert.java:98)\n\tat Automation.engine.elementWorks.ElementActions.writeText(ElementActions.java:40)\n\tat Autofox.objects.objectGui.LoginPage.insertLoginToken(LoginPage.java:36)\n\tat testClasses.gui.AdminLogin.InvalidAdminCannotLogin(AdminLogin.java:93)\n\tat java.base/jdk.internal.reflect.NativeMethodAccessorImpl.invoke0(Native Method)\n\tat java.base/jdk.internal.reflect.NativeMethodAccessorImpl.invoke(NativeMethodAccessorImpl.java:77)\n\tat java.base/jdk.internal.reflect.DelegatingMethodAccessorImpl.invoke(DelegatingMethodAccessorImpl.java:43)\n\tat java.base/java.lang.reflect.Method.invoke(Method.java:568)\n\tat org.testng.internal.invokers.MethodInvocationHelper.invokeMethod(MethodInvocationHelper.java:139)\n\tat org.testng.internal.invokers.TestInvoker.invokeMethod(TestInvoker.java:677)\n\tat org.testng.internal.invokers.TestInvoker.invokeTestMethod(TestInvoker.java:221)\n\tat org.testng.internal.invokers.MethodRunner.runInSequence(MethodRunner.java:50)\n\tat org.testng.internal.invokers.TestInvoker$MethodInvocationAgent.invoke(TestInvoker.java:969)\n\tat org.testng.internal.invokers.TestInvoker.invokeTestMethods(TestInvoker.java:194)\n\tat org.testng.internal.invokers.TestMethodWorker.invokeTestMethods(TestMethodWorker.java:148)\n\tat org.testng.internal.invokers.TestMethodWorker.run(TestMethodWorker.java:128)\n\tat java.base/java.util.ArrayList.forEach(ArrayList.java:1511)\n\tat org.testng.TestRunner.privateRun(TestRunner.java:829)\n\tat org.testng.TestRunner.run(TestRunner.java:602)\n\tat org.testng.SuiteRunner.runTest(SuiteRunner.java:437)\n\tat org.testng.SuiteRunner.runSequentially(SuiteRunner.java:431)\n\tat org.testng.SuiteRunner.privateRun(SuiteRunner.java:391)\n\tat org.testng.SuiteRunner.run(SuiteRunner.java:330)\n\tat org.testng.SuiteRunnerWorker.runSuite(SuiteRunnerWorker.java:52)\n\tat org.testng.SuiteRunnerWorker.run(SuiteRunnerWorker.java:95)\n\tat java.base/java.util.concurrent.ThreadPoolExecutor.runWorker(ThreadPoolExecutor.java:1136)\n\tat java.base/java.util.concurrent.ThreadPoolExecutor$Worker.run(ThreadPoolExecutor.java:635)\n\tat java.base/java.lang.Thread.run(Thread.java:833)\nCaused by: java.lang.NullPointerException: Cannot invoke \"org.openqa.selenium.WebElement.sendKeys(java.lang.CharSequence[])\" because the return value of \"Automation.engine.elementWorks.ElementHelper.locateElement(org.openqa.selenium.WebDriver, org.openqa.selenium.By, String)\" is null\n\tat Automation.engine.elementWorks.ElementActions.writeText(ElementActions.java:35)\n\t... 26 more\n","flaky":false,"newFailed":false,"newBroken":false,"newPassed":false,"retriesCount":0,"retriesStatusChange":false,"beforeStages":[{"name":"setup","time":{"start":1698121122993,"stop":1698121152280,"duration":29287},"description":"","status":"passed","steps":[{"name":"Start Browser {Stand alone grid} : chrome","time":{"start":1698121124612,"stop":1698121124616,"duration":4},"status":"passed","steps":[],"attachments":[],"parameters":[],"stepsCount":0,"attachmentsCount":0,"shouldDisplayMessage":false,"hasContent":false},{"name":"Maximize browser window","time":{"start":1698121151541,"stop":1698121151541,"duration":0},"status":"passed","steps":[],"attachments":[],"parameters":[],"stepsCount":0,"attachmentsCount":0,"shouldDisplayMessage":false,"hasContent":false}],"attachments":[],"parameters":[],"stepsCount":2,"attachmentsCount":0,"shouldDisplayMessage":false,"hasContent":true}],"testStage":{"description":"Check that Admin cannot login with Valid credentials","status":"failed","statusMessage":"Failed to clear text in field : Login Token Field","statusTrace":"java.lang.AssertionError: Failed to clear text in field : Login Token Field\n\tat org.testng.Assert.fail(Assert.java:98)\n\tat Automation.engine.elementWorks.ElementActions.writeText(ElementActions.java:40)\n\tat Autofox.objects.objectGui.LoginPage.insertLoginToken(LoginPage.java:36)\n\tat testClasses.gui.AdminLogin.InvalidAdminCannotLogin(AdminLogin.java:93)\n\tat java.base/jdk.internal.reflect.NativeMethodAccessorImpl.invoke0(Native Method)\n\tat java.base/jdk.internal.reflect.NativeMethodAccessorImpl.invoke(NativeMethodAccessorImpl.java:77)\n\tat java.base/jdk.internal.reflect.DelegatingMethodAccessorImpl.invoke(DelegatingMethodAccessorImpl.java:43)\n\tat java.base/java.lang.reflect.Method.invoke(Method.java:568)\n\tat org.testng.internal.invokers.MethodInvocationHelper.invokeMethod(MethodInvocationHelper.java:139)\n\tat org.testng.internal.invokers.TestInvoker.invokeMethod(TestInvoker.java:677)\n\tat org.testng.internal.invokers.TestInvoker.invokeTestMethod(TestInvoker.java:221)\n\tat org.testng.internal.invokers.MethodRunner.runInSequence(MethodRunner.java:50)\n\tat org.testng.internal.invokers.TestInvoker$MethodInvocationAgent.invoke(TestInvoker.java:969)\n\tat org.testng.internal.invokers.TestInvoker.invokeTestMethods(TestInvoker.java:194)\n\tat org.testng.internal.invokers.TestMethodWorker.invokeTestMethods(TestMethodWorker.java:148)\n\tat org.testng.internal.invokers.TestMethodWorker.run(TestMethodWorker.java:128)\n\tat java.base/java.util.ArrayList.forEach(ArrayList.java:1511)\n\tat org.testng.TestRunner.privateRun(TestRunner.java:829)\n\tat org.testng.TestRunner.run(TestRunner.java:602)\n\tat org.testng.SuiteRunner.runTest(SuiteRunner.java:437)\n\tat org.testng.SuiteRunner.runSequentially(SuiteRunner.java:431)\n\tat org.testng.SuiteRunner.privateRun(SuiteRunner.java:391)\n\tat org.testng.SuiteRunner.run(SuiteRunner.java:330)\n\tat org.testng.SuiteRunnerWorker.runSuite(SuiteRunnerWorker.java:52)\n\tat org.testng.SuiteRunnerWorker.run(SuiteRunnerWorker.java:95)\n\tat java.base/java.util.concurrent.ThreadPoolExecutor.runWorker(ThreadPoolExecutor.java:1136)\n\tat java.base/java.util.concurrent.ThreadPoolExecutor$Worker.run(ThreadPoolExecutor.java:635)\n\tat java.base/java.lang.Thread.run(Thread.java:833)\nCaused by: java.lang.NullPointerException: Cannot invoke \"org.openqa.selenium.WebElement.sendKeys(java.lang.CharSequence[])\" because the return value of \"Automation.engine.elementWorks.ElementHelper.locateElement(org.openqa.selenium.WebDriver, org.openqa.selenium.By, String)\" is null\n\tat Automation.engine.elementWorks.ElementActions.writeText(ElementActions.java:35)\n\t... 26 more\n","steps":[{"name":"Go to Login page","time":{"start":1698121199406,"stop":1698121199406,"duration":0},"status":"passed","steps":[],"attachments":[],"parameters":[],"stepsCount":0,"attachmentsCount":0,"shouldDisplayMessage":false,"hasContent":false},{"name":"Write : [3594232575+1] in : [Login Token Field]","time":{"start":1698121200056,"stop":1698121200056,"duration":0},"status":"passed","steps":[],"attachments":[],"parameters":[],"stepsCount":0,"attachmentsCount":0,"shouldDisplayMessage":false,"hasContent":false},{"name":"Clearing Text inside field : Login Token Field","time":{"start":1698121205943,"stop":1698121205943,"duration":0},"status":"passed","steps":[],"attachments":[],"parameters":[],"stepsCount":0,"attachmentsCount":0,"shouldDisplayMessage":false,"hasContent":false}],"attachments":[],"parameters":[],"stepsCount":3,"attachmentsCount":0,"shouldDisplayMessage":true,"hasContent":true},"afterStages":[{"name":"TearDown","time":{"start":1698121212581,"stop":1698121213258,"duration":677},"description":"","status":"passed","steps":[{"name":"Close Browser","time":{"start":1698121212593,"stop":1698121212593,"duration":0},"status":"passed","steps":[],"attachments":[],"parameters":[],"stepsCount":0,"attachmentsCount":0,"shouldDisplayMessage":false,"hasContent":false}],"attachments":[],"parameters":[],"stepsCount":1,"attachmentsCount":0,"shouldDisplayMessage":false,"hasContent":true}],"labels":[{"name":"package","value":"testClasses.gui.AdminLogin"},{"name":"testClass","value":"testClasses.gui.AdminLogin"},{"name":"testMethod","value":"InvalidAdminCannotLogin"},{"name":"parentSuite","value":"Login1"},{"name":"suite","value":"test1"},{"name":"subSuite","value":"testClasses.gui.AdminLogin"},{"name":"host","value":"de505381e20d"},{"name":"thread","value":"41@de505381e20d.TestNG-suites-1(20)"},{"name":"framework","value":"testng"},{"name":"language","value":"java"},{"name":"severity","value":"critical"},{"name":"resultFormat","value":"allure2"}],"parameters":[{"name":"BrowserType","value":"chrome"},{"name":"ConfigUrl","value":"src/test/resources/runFiles/Run.xml"},{"name":"Environment","value":"Alpha"},{"name":"ExecutionType","value":"GridSTA"},{"name":"ParaModule","value":"TimeSaving"},{"name":"allure.results.directory","value":"results/test1"},{"name":"arg0","value":"3594232575+1"}],"links":[],"hidden":false,"retry":false,"extra":{"severity":"critical","retries":[],"categories":[{"name":"Product defects","matchedStatuses":[],"flaky":false}],"history":{"statistic":{"failed":2,"broken":0,"skipped":0,"passed":0,"unknown":0,"total":2},"items":[{"uid":"dd24cfe9faebce71","status":"failed","statusDetails":"Failed to clear text in field : Login Token Field","time":{"start":1698121198938,"stop":1698121205945,"duration":7007}}]},"tags":[]},"source":"caa41bb622ec7d7.json","parameterValues":["chrome","src/test/resources/runFiles/Run.xml","Alpha","GridSTA","TimeSaving","results/test1","3594232575+1"]}