{"uuid":"111a8315-c0a9-47db-b20c-3308344a250a","historyId":"a916b7babe080345941cf0eaadadc8e6","fullName":"autofoxTests.gui.AdminLogin.TestAdminLogin","labels":[{"name":"package","value":"autofoxTests.gui.AdminLogin"},{"name":"testClass","value":"autofoxTests.gui.AdminLogin"},{"name":"testMethod","value":"TestAdminLogin"},{"name":"parentSuite","value":"Login2"},{"name":"suite","value":"test2"},{"name":"subSuite","value":"autofoxTests.gui.AdminLogin"},{"name":"host","value":"DESKTOP-U7NCNIN"},{"name":"thread","value":"7608@DESKTOP-U7NCNIN.TestNG-suites-2(27)"},{"name":"framework","value":"testng"},{"name":"language","value":"java"},{"name":"severity","value":"critical"}],"links":[],"name":"TestAdminLogin","status":"skipped","statusDetails":{"known":false,"muted":false,"flaky":false,"message":"Unknown error while Initializing Chrome browser {Grid node} : chrome on : Linux","trace":"java.lang.AssertionError: Unknown error while Initializing Chrome browser {Grid node} : chrome on : Linux\r\n\tat org.testng.Assert.fail(Assert.java:98)\r\n\tat Automation.engine.browserWorks.NodeBrowserFactory.SetNodeBrowserType(NodeBrowserFactory.java:48)\r\n\tat Automation.engine.browserWorks.NodePlatformFactory.SetNodePlatformType(NodePlatformFactory.java:59)\r\n\tat Automation.engine.setupWorks.ParaGridRunLevel.SetParaGridRunLevel(ParaGridRunLevel.java:40)\r\n\tat Automation.engine.setupWorks.RunSpace.SetRunningType(RunSpace.java:37)\r\n\tat Automation.engine.setupWorks.SetupFactory.Run(SetupFactory.java:15)\r\n\tat Automation.engine.browserWorks.BrowserRunner.StartBrowser(BrowserRunner.java:16)\r\n\tat autofoxTests.gui.AdminLogin.setup(AdminLogin.java:56)\r\n\tat java.base/jdk.internal.reflect.DirectMethodHandleAccessor.invoke(DirectMethodHandleAccessor.java:104)\r\n\tat java.base/java.lang.reflect.Method.invoke(Method.java:577)\r\n\tat org.testng.internal.invokers.MethodInvocationHelper.invokeMethod(MethodInvocationHelper.java:139)\r\n\tat org.testng.internal.invokers.MethodInvocationHelper.invokeMethodConsideringTimeout(MethodInvocationHelper.java:69)\r\n\tat org.testng.internal.invokers.ConfigInvoker.invokeConfigurationMethod(ConfigInvoker.java:361)\r\n\tat org.testng.internal.invokers.ConfigInvoker.invokeConfigurations(ConfigInvoker.java:296)\r\n\tat org.testng.internal.invokers.TestMethodWorker.invokeBeforeClassMethods(TestMethodWorker.java:180)\r\n\tat org.testng.internal.invokers.TestMethodWorker.run(TestMethodWorker.java:122)\r\n\tat java.base/java.util.ArrayList.forEach(ArrayList.java:1511)\r\n\tat org.testng.TestRunner.privateRun(TestRunner.java:829)\r\n\tat org.testng.TestRunner.run(TestRunner.java:602)\r\n\tat org.testng.SuiteRunner.runTest(SuiteRunner.java:437)\r\n\tat org.testng.SuiteRunner.runSequentially(SuiteRunner.java:431)\r\n\tat org.testng.SuiteRunner.privateRun(SuiteRunner.java:391)\r\n\tat org.testng.SuiteRunner.run(SuiteRunner.java:330)\r\n\tat org.testng.SuiteRunnerWorker.runSuite(SuiteRunnerWorker.java:52)\r\n\tat org.testng.SuiteRunnerWorker.run(SuiteRunnerWorker.java:95)\r\n\tat java.base/java.util.concurrent.ThreadPoolExecutor.runWorker(ThreadPoolExecutor.java:1136)\r\n\tat java.base/java.util.concurrent.ThreadPoolExecutor$Worker.run(ThreadPoolExecutor.java:635)\r\n\tat java.base/java.lang.Thread.run(Thread.java:833)\r\nCaused by: org.openqa.selenium.SessionNotCreatedException: Could not start a new session. Possible causes are invalid address of the remote server or browser start-up failure. \nHost info: host: 'DESKTOP-U7NCNIN', ip: '192.168.1.7'\r\n\tat org.openqa.selenium.remote.RemoteWebDriver.execute(RemoteWebDriver.java:549)\r\n\tat org.openqa.selenium.remote.RemoteWebDriver.startSession(RemoteWebDriver.java:227)\r\n\tat org.openqa.selenium.remote.RemoteWebDriver.<init>(RemoteWebDriver.java:154)\r\n\tat org.openqa.selenium.remote.RemoteWebDriver.<init>(RemoteWebDriver.java:134)\r\n\tat Automation.engine.browserWorks.NodeBrowserFactory.SetNodeBrowserType(NodeBrowserFactory.java:39)\r\n\t... 26 more\r\nCaused by: org.openqa.selenium.TimeoutException: java.util.concurrent.TimeoutException\nBuild info: version: '4.10.0', revision: 'c14d967899'\nSystem info: os.name: 'Windows 10', os.arch: 'amd64', os.version: '10.0', java.version: '18.0.2'\nDriver info: driver.version: RemoteWebDriver\r\n\tat org.openqa.selenium.remote.http.netty.NettyHttpHandler.makeCall(NettyHttpHandler.java:65)\r\n\tat org.openqa.selenium.remote.http.AddSeleniumUserAgent.lambda$apply$0(AddSeleniumUserAgent.java:42)\r\n\tat org.openqa.selenium.remote.http.Filter.lambda$andFinally$1(Filter.java:55)\r\n\tat org.openqa.selenium.remote.http.netty.NettyHttpHandler.execute(NettyHttpHandler.java:48)\r\n\tat org.openqa.selenium.remote.http.AddSeleniumUserAgent.lambda$apply$0(AddSeleniumUserAgent.java:42)\r\n\tat org.openqa.selenium.remote.http.Filter.lambda$andFinally$1(Filter.java:55)\r\n\tat org.openqa.selenium.remote.http.netty.NettyClient.execute(NettyClient.java:97)\r\n\tat org.openqa.selenium.remote.tracing.TracedHttpClient.execute(TracedHttpClient.java:54)\r\n\tat org.openqa.selenium.remote.ProtocolHandshake.createSession(ProtocolHandshake.java:115)\r\n\tat org.openqa.selenium.remote.ProtocolHandshake.createSession(ProtocolHandshake.java:96)\r\n\tat org.openqa.selenium.remote.ProtocolHandshake.createSession(ProtocolHandshake.java:68)\r\n\tat org.openqa.selenium.remote.HttpCommandExecutor.execute(HttpCommandExecutor.java:163)\r\n\tat org.openqa.selenium.remote.TracedCommandExecutor.execute(TracedCommandExecutor.java:51)\r\n\tat org.openqa.selenium.remote.RemoteWebDriver.execute(RemoteWebDriver.java:531)\r\n\t... 30 more\r\nCaused by: java.util.concurrent.TimeoutException\r\n\tat java.base/java.util.concurrent.CompletableFuture.timedGet(CompletableFuture.java:1960)\r\n\tat java.base/java.util.concurrent.CompletableFuture.get(CompletableFuture.java:2095)\r\n\tat org.asynchttpclient.netty.NettyResponseFuture.get(NettyResponseFuture.java:206)\r\n\tat org.openqa.selenium.remote.http.netty.NettyHttpHandler.makeCall(NettyHttpHandler.java:59)\r\n\t... 43 more\r\n"},"stage":"finished","description":"Check that Admin can login with Valid credentials","steps":[],"attachments":[],"parameters":[{"name":"allure.results.directory","value":"results/test2"},{"name":"arg0","value":"2577+3"}],"start":1695624677307,"stop":1695624677307}