{"uuid":"2cf543cc-0b75-44b5-8897-68997f5569d3","historyId":"9f70c91d7ec80c9da9a19194b98234dc","fullName":"TestAutofox.gui.AdminLogin.TestAdminLogin","labels":[{"name":"package","value":"TestAutofox.gui.AdminLogin"},{"name":"testClass","value":"TestAutofox.gui.AdminLogin"},{"name":"testMethod","value":"TestAdminLogin"},{"name":"parentSuite","value":"Login2"},{"name":"suite","value":"test2"},{"name":"subSuite","value":"TestAutofox.gui.AdminLogin"},{"name":"host","value":"DESKTOP-U7NCNIN"},{"name":"thread","value":"7428@DESKTOP-U7NCNIN.TestNG-tests-1(49)"},{"name":"framework","value":"testng"},{"name":"language","value":"java"},{"name":"severity","value":"critical"}],"links":[],"name":"TestAdminLogin","status":"failed","statusDetails":{"known":false,"muted":false,"flaky":false,"message":"Failed to detect text on :[Dashboard page title]","trace":"java.lang.AssertionError: Failed to detect text on :[Dashboard page title]\r\n\tat org.testng.Assert.fail(Assert.java:98)\r\n\tat Automation.engine.elementWorks.ElementActions.GetElementText(ElementActions.java:72)\r\n\tat Autofox.pages.DashboardPage.GetDashboardPageTitleName(DashboardPage.java:32)\r\n\tat TestAutofox.gui.AdminLogin.TestAdminLogin(AdminLogin.java:56)\r\n\tat java.base/jdk.internal.reflect.DirectMethodHandleAccessor.invoke(DirectMethodHandleAccessor.java:104)\r\n\tat java.base/java.lang.reflect.Method.invoke(Method.java:577)\r\n\tat org.testng.internal.invokers.MethodInvocationHelper.invokeMethod(MethodInvocationHelper.java:139)\r\n\tat org.testng.internal.invokers.TestInvoker.invokeMethod(TestInvoker.java:677)\r\n\tat org.testng.internal.invokers.TestInvoker.invokeTestMethod(TestInvoker.java:221)\r\n\tat org.testng.internal.invokers.MethodRunner.runInSequence(MethodRunner.java:50)\r\n\tat org.testng.internal.invokers.TestInvoker$MethodInvocationAgent.invoke(TestInvoker.java:969)\r\n\tat org.testng.internal.invokers.TestInvoker.invokeTestMethods(TestInvoker.java:194)\r\n\tat org.testng.internal.invokers.TestMethodWorker.invokeTestMethods(TestMethodWorker.java:148)\r\n\tat org.testng.internal.invokers.TestMethodWorker.run(TestMethodWorker.java:128)\r\n\tat java.base/java.util.ArrayList.forEach(ArrayList.java:1511)\r\n\tat org.testng.TestRunner.privateRun(TestRunner.java:829)\r\n\tat org.testng.TestRunner.run(TestRunner.java:602)\r\n\tat org.testng.SuiteRunner.runTest(SuiteRunner.java:437)\r\n\tat org.testng.SuiteRunner$SuiteWorker.run(SuiteRunner.java:475)\r\n\tat org.testng.internal.thread.ThreadUtil.lambda$execute$0(ThreadUtil.java:58)\r\n\tat java.base/java.util.concurrent.FutureTask.run(FutureTask.java:264)\r\n\tat java.base/java.util.concurrent.ThreadPoolExecutor.runWorker(ThreadPoolExecutor.java:1136)\r\n\tat java.base/java.util.concurrent.ThreadPoolExecutor$Worker.run(ThreadPoolExecutor.java:635)\r\n\tat java.base/java.lang.Thread.run(Thread.java:833)\r\nCaused by: java.lang.NullPointerException: Cannot invoke \"org.openqa.selenium.WebElement.getText()\" because the return value of \"Automation.engine.elementWorks.ElementHelper.locateElement(org.openqa.selenium.WebDriver, org.openqa.selenium.By, String)\" is null\r\n\tat Automation.engine.elementWorks.ElementActions.GetElementText(ElementActions.java:65)\r\n\t... 22 more\r\n"},"stage":"finished","description":"Check Admin login with Valid and Invalid credentials","steps":[{"name":"Go to Login page","status":"passed","stage":"finished","steps":[],"attachments":[],"parameters":[],"start":1695439081761,"stop":1695439081761},{"name":"Write : [norine.walter@yahoo.com] in : [Login Token Field]","status":"passed","stage":"finished","steps":[],"attachments":[],"parameters":[],"start":1695439082625,"stop":1695439082625},{"name":"Click on [Login Button]","status":"passed","stage":"finished","steps":[],"attachments":[],"parameters":[],"start":1695439085823,"stop":1695439085823},{"name":"Check the text in [Dashboard page title]","status":"passed","stage":"finished","steps":[],"attachments":[],"parameters":[],"start":1695439086509,"stop":1695439086509},{"name":"Check the text in [Dashboard page title]","status":"passed","stage":"finished","steps":[],"attachments":[],"parameters":[],"start":1695439091838,"stop":1695439091838}],"attachments":[],"parameters":[{"name":"allure.results.directory","value":"results/test2"}],"start":1695439081730,"stop":1695439091838}