{"uuid":"66600d77-628e-411d-bb44-a7a96bd98d28","historyId":"87fc24c0e1b2b770ac752ce8bd3feff4","fullName":"testClasses.gui.AdminLogin.TestAdminLogin","labels":[{"name":"package","value":"testClasses.gui.AdminLogin"},{"name":"testClass","value":"testClasses.gui.AdminLogin"},{"name":"testMethod","value":"TestAdminLogin"},{"name":"parentSuite","value":"Login1"},{"name":"suite","value":"test3"},{"name":"subSuite","value":"testClasses.gui.AdminLogin"},{"name":"host","value":"DESKTOP-U7NCNIN"},{"name":"thread","value":"4656@DESKTOP-U7NCNIN.TestNG-suites-1(20)"},{"name":"framework","value":"testng"},{"name":"language","value":"java"},{"name":"severity","value":"critical"}],"links":[],"name":"TestAdminLogin","status":"failed","statusDetails":{"known":false,"muted":false,"flaky":false,"message":"Failed to detect text on :[Dashboard page title]","trace":"java.lang.AssertionError: Failed to detect text on :[Dashboard page title]\r\n\tat org.testng.Assert.fail(Assert.java:98)\r\n\tat Automation.engine.elementWorks.ElementActions.GetElementText(ElementActions.java:72)\r\n\tat Autofox.objects.objectGui.DashboardPage.GetDashboardPageTitleName(DashboardPage.java:32)\r\n\tat testClasses.gui.AdminLogin.TestAdminLogin(AdminLogin.java:77)\r\n\tat java.base/jdk.internal.reflect.NativeMethodAccessorImpl.invoke0(Native Method)\r\n\tat java.base/jdk.internal.reflect.NativeMethodAccessorImpl.invoke(NativeMethodAccessorImpl.java:77)\r\n\tat java.base/jdk.internal.reflect.DelegatingMethodAccessorImpl.invoke(DelegatingMethodAccessorImpl.java:43)\r\n\tat java.base/java.lang.reflect.Method.invoke(Method.java:568)\r\n\tat org.testng.internal.invokers.MethodInvocationHelper.invokeMethod(MethodInvocationHelper.java:139)\r\n\tat org.testng.internal.invokers.TestInvoker.invokeMethod(TestInvoker.java:677)\r\n\tat org.testng.internal.invokers.TestInvoker.invokeTestMethod(TestInvoker.java:221)\r\n\tat org.testng.internal.invokers.MethodRunner.runInSequence(MethodRunner.java:50)\r\n\tat org.testng.internal.invokers.TestInvoker$MethodInvocationAgent.invoke(TestInvoker.java:969)\r\n\tat org.testng.internal.invokers.TestInvoker.invokeTestMethods(TestInvoker.java:194)\r\n\tat org.testng.internal.invokers.TestMethodWorker.invokeTestMethods(TestMethodWorker.java:148)\r\n\tat org.testng.internal.invokers.TestMethodWorker.run(TestMethodWorker.java:128)\r\n\tat java.base/java.util.ArrayList.forEach(ArrayList.java:1511)\r\n\tat org.testng.TestRunner.privateRun(TestRunner.java:829)\r\n\tat org.testng.TestRunner.run(TestRunner.java:602)\r\n\tat org.testng.SuiteRunner.runTest(SuiteRunner.java:437)\r\n\tat org.testng.SuiteRunner.runSequentially(SuiteRunner.java:431)\r\n\tat org.testng.SuiteRunner.privateRun(SuiteRunner.java:391)\r\n\tat org.testng.SuiteRunner.run(SuiteRunner.java:330)\r\n\tat org.testng.SuiteRunnerWorker.runSuite(SuiteRunnerWorker.java:52)\r\n\tat org.testng.SuiteRunnerWorker.run(SuiteRunnerWorker.java:95)\r\n\tat java.base/java.util.concurrent.ThreadPoolExecutor.runWorker(ThreadPoolExecutor.java:1136)\r\n\tat java.base/java.util.concurrent.ThreadPoolExecutor$Worker.run(ThreadPoolExecutor.java:635)\r\n\tat java.base/java.lang.Thread.run(Thread.java:833)\r\nCaused by: java.lang.NullPointerException: Cannot invoke \"org.openqa.selenium.WebElement.getText()\" because the return value of \"Automation.engine.elementWorks.ElementHelper.locateElement(org.openqa.selenium.WebDriver, org.openqa.selenium.By, String)\" is null\r\n\tat Automation.engine.elementWorks.ElementActions.GetElementText(ElementActions.java:65)\r\n\t... 26 more\r\n"},"stage":"finished","description":"Check that Admin can login with Valid credentials","steps":[{"name":"Go to Login page","status":"passed","stage":"finished","steps":[],"attachments":[],"parameters":[],"start":1699098085376,"stop":1699098085376},{"name":"Write : [2577+3] in : [Login Token Field]","status":"passed","stage":"finished","steps":[],"attachments":[],"parameters":[],"start":1699098085607,"stop":1699098085607},{"name":"Click on [Login Button]","status":"passed","stage":"finished","steps":[],"attachments":[],"parameters":[],"start":1699098086280,"stop":1699098086280},{"name":"Check the text in [Dashboard page title]","status":"passed","stage":"finished","steps":[],"attachments":[],"parameters":[],"start":1699098086365,"stop":1699098086365},{"name":"Check the text in [Dashboard page title]","status":"passed","stage":"finished","steps":[],"attachments":[],"parameters":[],"start":1699098091568,"stop":1699098091568}],"attachments":[],"parameters":[{"name":"ConfigUrl","value":"src/test/resources/runFiles/Run.xml"},{"name":"BrowserType","value":"chrome"},{"name":"allure.results.directory","value":"results/test3"},{"name":"ExecutionType","value":"local"},{"name":"arg0","value":"2577+3"},{"name":"ParaModule","value":"TimeSaving"},{"name":"Environment","value":"Alpha"}],"start":1699098085350,"stop":1699098091570}