{"uuid":"87d2a577-cd0f-4fca-985d-89b9031f8cdb","historyId":"2d424b0bea8f7b92e4d1c689cfc83f55","fullName":"TestAutofox.gui.AdminLogin.InvalidAdminCannotLogin","labels":[{"name":"package","value":"TestAutofox.gui.AdminLogin"},{"name":"testClass","value":"TestAutofox.gui.AdminLogin"},{"name":"testMethod","value":"InvalidAdminCannotLogin"},{"name":"parentSuite","value":"Login1"},{"name":"suite","value":"test3"},{"name":"subSuite","value":"TestAutofox.gui.AdminLogin"},{"name":"host","value":"DESKTOP-U7NCNIN"},{"name":"thread","value":"7460@DESKTOP-U7NCNIN.main(1)"},{"name":"framework","value":"testng"},{"name":"language","value":"java"},{"name":"severity","value":"critical"}],"links":[],"name":"InvalidAdminCannotLogin","status":"failed","statusDetails":{"known":false,"muted":false,"flaky":false,"message":"Failed to detect text on :[Invalid Creds Error Toaster Messages]","trace":"java.lang.AssertionError: Failed to detect text on :[Invalid Creds Error Toaster Messages]\r\n\tat org.testng.Assert.fail(Assert.java:98)\r\n\tat Automation.engine.elementWorks.ElementActions.GetElementText(ElementActions.java:72)\r\n\tat Autofox.pages.LoginPage.GetInvalidCredsErrorToaster(LoginPage.java:48)\r\n\tat TestAutofox.gui.AdminLogin.InvalidAdminCannotLogin(AdminLogin.java:81)\r\n\tat java.base/jdk.internal.reflect.DirectMethodHandleAccessor.invoke(DirectMethodHandleAccessor.java:104)\r\n\tat java.base/java.lang.reflect.Method.invoke(Method.java:577)\r\n\tat org.testng.internal.invokers.MethodInvocationHelper.invokeMethod(MethodInvocationHelper.java:139)\r\n\tat org.testng.internal.invokers.TestInvoker.invokeMethod(TestInvoker.java:677)\r\n\tat org.testng.internal.invokers.TestInvoker.invokeTestMethod(TestInvoker.java:221)\r\n\tat org.testng.internal.invokers.MethodRunner.runInSequence(MethodRunner.java:50)\r\n\tat org.testng.internal.invokers.TestInvoker$MethodInvocationAgent.invoke(TestInvoker.java:969)\r\n\tat org.testng.internal.invokers.TestInvoker.invokeTestMethods(TestInvoker.java:194)\r\n\tat org.testng.internal.invokers.TestMethodWorker.invokeTestMethods(TestMethodWorker.java:148)\r\n\tat org.testng.internal.invokers.TestMethodWorker.run(TestMethodWorker.java:128)\r\n\tat java.base/java.util.ArrayList.forEach(ArrayList.java:1511)\r\n\tat org.testng.TestRunner.privateRun(TestRunner.java:829)\r\n\tat org.testng.TestRunner.run(TestRunner.java:602)\r\n\tat org.testng.SuiteRunner.runTest(SuiteRunner.java:437)\r\n\tat org.testng.SuiteRunner.runSequentially(SuiteRunner.java:431)\r\n\tat org.testng.SuiteRunner.privateRun(SuiteRunner.java:391)\r\n\tat org.testng.SuiteRunner.run(SuiteRunner.java:330)\r\n\tat org.testng.SuiteRunnerWorker.runSuite(SuiteRunnerWorker.java:52)\r\n\tat org.testng.SuiteRunnerWorker.run(SuiteRunnerWorker.java:95)\r\n\tat org.testng.TestNG.runSuitesSequentially(TestNG.java:1256)\r\n\tat org.testng.TestNG.runSuitesLocally(TestNG.java:1176)\r\n\tat org.testng.TestNG.runSuites(TestNG.java:1099)\r\n\tat org.testng.TestNG.run(TestNG.java:1067)\r\n\tat com.intellij.rt.testng.IDEARemoteTestNG.run(IDEARemoteTestNG.java:66)\r\n\tat com.intellij.rt.testng.RemoteTestNGStarter.main(RemoteTestNGStarter.java:109)\r\nCaused by: java.lang.NullPointerException: Cannot invoke \"org.openqa.selenium.WebElement.getText()\" because the return value of \"Automation.engine.elementWorks.ElementHelper.locateElement(org.openqa.selenium.WebDriver, org.openqa.selenium.By, String)\" is null\r\n\tat Automation.engine.elementWorks.ElementActions.GetElementText(ElementActions.java:65)\r\n\t... 27 more\r\n"},"stage":"finished","description":"invalid Admin cannot login","steps":[{"name":"Go to Login page","status":"passed","stage":"finished","steps":[],"attachments":[],"parameters":[],"start":1695439975385,"stop":1695439975385},{"name":"Write : [this is invalid token] in : [Login Token Field]","status":"passed","stage":"finished","steps":[],"attachments":[],"parameters":[],"start":1695439975572,"stop":1695439975572},{"name":"Click on [Login Button]","status":"passed","stage":"finished","steps":[],"attachments":[],"parameters":[],"start":1695439976246,"stop":1695439976246},{"name":"Check the text in [Invalid Creds Error Toaster Messages]","status":"passed","stage":"finished","steps":[],"attachments":[],"parameters":[],"start":1695439976360,"stop":1695439976360},{"name":"Check the text in [Invalid Creds Error Toaster Messages]","status":"passed","stage":"finished","steps":[],"attachments":[],"parameters":[],"start":1695439981935,"stop":1695439981935}],"attachments":[],"parameters":[{"name":"allure.results.directory","value":"results/test3"}],"start":1695439975383,"stop":1695439981936}