{"uuid":"9178c1ce-171a-44b9-be3f-9fc90055c77e","name":"autofoxTests.gui.AdminLogin","children":["b85db652-d4e2-4e93-8914-7b1a269570ef","da9deb60-c598-4d6f-b6e3-021374699758","3f3e7c41-04c1-4c88-b1dc-b9514f21ea49","27089f11-582f-45b8-9257-8ec1dd364ea2","f8c1509b-5404-48c1-a59d-a0f017899bef"],"befores":[{"name":"setup","status":"failed","statusDetails":{"known":false,"muted":false,"flaky":false,"message":"Unknown error while Initializing Chrome browser {Grid node} : chrome on : Linux","trace":"java.lang.AssertionError: Unknown error while Initializing Chrome browser {Grid node} : chrome on : Linux\r\n\tat org.testng.Assert.fail(Assert.java:98)\r\n\tat Automation.engine.browserWorks.NodeBrowserFactory.SetNodeBrowserType(NodeBrowserFactory.java:48)\r\n\tat Automation.engine.browserWorks.NodePlatformFactory.SetNodePlatformType(NodePlatformFactory.java:59)\r\n\tat Automation.engine.setupWorks.ParaGridRunLevel.SetParaGridRunLevel(ParaGridRunLevel.java:40)\r\n\tat Automation.engine.setupWorks.RunSpace.SetRunningType(RunSpace.java:37)\r\n\tat Automation.engine.setupWorks.SetupFactory.Run(SetupFactory.java:15)\r\n\tat Automation.engine.browserWorks.BrowserRunner.StartBrowser(BrowserRunner.java:16)\r\n\tat autofoxTests.gui.AdminLogin.setup(AdminLogin.java:56)\r\n\tat java.base/jdk.internal.reflect.DirectMethodHandleAccessor.invoke(DirectMethodHandleAccessor.java:104)\r\n\tat java.base/java.lang.reflect.Method.invoke(Method.java:577)\r\n\tat org.testng.internal.invokers.MethodInvocationHelper.invokeMethod(MethodInvocationHelper.java:139)\r\n\tat org.testng.internal.invokers.MethodInvocationHelper.invokeMethodConsideringTimeout(MethodInvocationHelper.java:69)\r\n\tat org.testng.internal.invokers.ConfigInvoker.invokeConfigurationMethod(ConfigInvoker.java:361)\r\n\tat org.testng.internal.invokers.ConfigInvoker.invokeConfigurations(ConfigInvoker.java:296)\r\n\tat org.testng.internal.invokers.TestMethodWorker.invokeBeforeClassMethods(TestMethodWorker.java:180)\r\n\tat org.testng.internal.invokers.TestMethodWorker.run(TestMethodWorker.java:122)\r\n\tat java.base/java.util.ArrayList.forEach(ArrayList.java:1511)\r\n\tat org.testng.TestRunner.privateRun(TestRunner.java:829)\r\n\tat org.testng.TestRunner.run(TestRunner.java:602)\r\n\tat org.testng.SuiteRunner.runTest(SuiteRunner.java:437)\r\n\tat org.testng.SuiteRunner.runSequentially(SuiteRunner.java:431)\r\n\tat org.testng.SuiteRunner.privateRun(SuiteRunner.java:391)\r\n\tat org.testng.SuiteRunner.run(SuiteRunner.java:330)\r\n\tat org.testng.SuiteRunnerWorker.runSuite(SuiteRunnerWorker.java:52)\r\n\tat org.testng.SuiteRunnerWorker.run(SuiteRunnerWorker.java:95)\r\n\tat java.base/java.util.concurrent.ThreadPoolExecutor.runWorker(ThreadPoolExecutor.java:1136)\r\n\tat java.base/java.util.concurrent.ThreadPoolExecutor$Worker.run(ThreadPoolExecutor.java:635)\r\n\tat java.base/java.lang.Thread.run(Thread.java:833)\r\nCaused by: org.openqa.selenium.SessionNotCreatedException: Could not start a new session. Possible causes are invalid address of the remote server or browser start-up failure. \nHost info: host: 'DESKTOP-U7NCNIN', ip: '192.168.1.7'\r\n\tat org.openqa.selenium.remote.RemoteWebDriver.execute(RemoteWebDriver.java:549)\r\n\tat org.openqa.selenium.remote.RemoteWebDriver.startSession(RemoteWebDriver.java:227)\r\n\tat org.openqa.selenium.remote.RemoteWebDriver.<init>(RemoteWebDriver.java:154)\r\n\tat org.openqa.selenium.remote.RemoteWebDriver.<init>(RemoteWebDriver.java:134)\r\n\tat Automation.engine.browserWorks.NodeBrowserFactory.SetNodeBrowserType(NodeBrowserFactory.java:39)\r\n\t... 26 more\r\nCaused by: org.openqa.selenium.TimeoutException: java.util.concurrent.TimeoutException\nBuild info: version: '4.10.0', revision: 'c14d967899'\nSystem info: os.name: 'Windows 10', os.arch: 'amd64', os.version: '10.0', java.version: '18.0.2'\nDriver info: driver.version: RemoteWebDriver\r\n\tat org.openqa.selenium.remote.http.netty.NettyHttpHandler.makeCall(NettyHttpHandler.java:65)\r\n\tat org.openqa.selenium.remote.http.AddSeleniumUserAgent.lambda$apply$0(AddSeleniumUserAgent.java:42)\r\n\tat org.openqa.selenium.remote.http.Filter.lambda$andFinally$1(Filter.java:55)\r\n\tat org.openqa.selenium.remote.http.netty.NettyHttpHandler.execute(NettyHttpHandler.java:48)\r\n\tat org.openqa.selenium.remote.http.AddSeleniumUserAgent.lambda$apply$0(AddSeleniumUserAgent.java:42)\r\n\tat org.openqa.selenium.remote.http.Filter.lambda$andFinally$1(Filter.java:55)\r\n\tat org.openqa.selenium.remote.http.netty.NettyClient.execute(NettyClient.java:97)\r\n\tat org.openqa.selenium.remote.tracing.TracedHttpClient.execute(TracedHttpClient.java:54)\r\n\tat org.openqa.selenium.remote.ProtocolHandshake.createSession(ProtocolHandshake.java:115)\r\n\tat org.openqa.selenium.remote.ProtocolHandshake.createSession(ProtocolHandshake.java:96)\r\n\tat org.openqa.selenium.remote.ProtocolHandshake.createSession(ProtocolHandshake.java:68)\r\n\tat org.openqa.selenium.remote.HttpCommandExecutor.execute(HttpCommandExecutor.java:163)\r\n\tat org.openqa.selenium.remote.TracedCommandExecutor.execute(TracedCommandExecutor.java:51)\r\n\tat org.openqa.selenium.remote.RemoteWebDriver.execute(RemoteWebDriver.java:531)\r\n\t... 30 more\r\nCaused by: java.util.concurrent.TimeoutException\r\n\tat java.base/java.util.concurrent.CompletableFuture.timedGet(CompletableFuture.java:1960)\r\n\tat java.base/java.util.concurrent.CompletableFuture.get(CompletableFuture.java:2095)\r\n\tat org.asynchttpclient.netty.NettyResponseFuture.get(NettyResponseFuture.java:206)\r\n\tat org.openqa.selenium.remote.http.netty.NettyHttpHandler.makeCall(NettyHttpHandler.java:59)\r\n\t... 43 more\r\n"},"stage":"finished","description":"","steps":[{"name":"Selected node platform type is found : Linux","status":"passed","stage":"finished","steps":[],"attachments":[],"parameters":[],"start":1695624677437,"stop":1695624677437},{"name":"Initializing Chrome driver {Grid node} : chrome on : Linux","status":"passed","stage":"finished","steps":[],"attachments":[],"parameters":[],"start":1695624677438,"stop":1695624677438},{"name":"Initializing Chrome driver {Grid node} : chrome on : Linux","status":"passed","stage":"finished","steps":[],"attachments":[],"parameters":[],"start":1695624857465,"stop":1695624857465}],"attachments":[],"parameters":[],"start":1695624677387,"stop":1695624857465}],"afters":[{"name":"TearDown","status":"broken","stage":"finished","description":"","steps":[],"attachments":[],"parameters":[],"start":1695624857529,"stop":1695624857529}],"start":1695624677383,"stop":1695624857532}