{"uuid":"fee323b1-df1c-4d12-b4fc-4a1397e1d230","historyId":"65629c0e3cca1d1ea295cba4c2ebfeee","fullName":"TestAutofox.gui.AdminLogin.TestAdminLogin","labels":[{"name":"package","value":"TestAutofox.gui.AdminLogin"},{"name":"testClass","value":"TestAutofox.gui.AdminLogin"},{"name":"testMethod","value":"TestAdminLogin"},{"name":"parentSuite","value":"Login1"},{"name":"suite","value":"test3"},{"name":"subSuite","value":"TestAutofox.gui.AdminLogin"},{"name":"host","value":"DESKTOP-U7NCNIN"},{"name":"thread","value":"4596@DESKTOP-U7NCNIN.main(1)"},{"name":"framework","value":"testng"},{"name":"language","value":"java"},{"name":"severity","value":"critical"}],"links":[],"name":"TestAdminLogin","status":"failed","statusDetails":{"known":false,"muted":false,"flaky":false,"message":"Failed to detect text on :[Dashboard page title]","trace":"java.lang.AssertionError: Failed to detect text on :[Dashboard page title]\r\n\tat org.testng.Assert.fail(Assert.java:98)\r\n\tat Automation.engine.elementWorks.ElementActions.GetElementText(ElementActions.java:72)\r\n\tat Autofox.pages.DashboardPage.GetDashboardPageTitleName(DashboardPage.java:32)\r\n\tat TestAutofox.gui.AdminLogin.TestAdminLogin(AdminLogin.java:56)\r\n\tat java.base/jdk.internal.reflect.DirectMethodHandleAccessor.invoke(DirectMethodHandleAccessor.java:104)\r\n\tat java.base/java.lang.reflect.Method.invoke(Method.java:577)\r\n\tat org.testng.internal.invokers.MethodInvocationHelper.invokeMethod(MethodInvocationHelper.java:139)\r\n\tat org.testng.internal.invokers.TestInvoker.invokeMethod(TestInvoker.java:677)\r\n\tat org.testng.internal.invokers.TestInvoker.invokeTestMethod(TestInvoker.java:221)\r\n\tat org.testng.internal.invokers.MethodRunner.runInSequence(MethodRunner.java:50)\r\n\tat org.testng.internal.invokers.TestInvoker$MethodInvocationAgent.invoke(TestInvoker.java:969)\r\n\tat org.testng.internal.invokers.TestInvoker.invokeTestMethods(TestInvoker.java:194)\r\n\tat org.testng.internal.invokers.TestMethodWorker.invokeTestMethods(TestMethodWorker.java:148)\r\n\tat org.testng.internal.invokers.TestMethodWorker.run(TestMethodWorker.java:128)\r\n\tat java.base/java.util.ArrayList.forEach(ArrayList.java:1511)\r\n\tat org.testng.TestRunner.privateRun(TestRunner.java:829)\r\n\tat org.testng.TestRunner.run(TestRunner.java:602)\r\n\tat org.testng.SuiteRunner.runTest(SuiteRunner.java:437)\r\n\tat org.testng.SuiteRunner.runSequentially(SuiteRunner.java:431)\r\n\tat org.testng.SuiteRunner.privateRun(SuiteRunner.java:391)\r\n\tat org.testng.SuiteRunner.run(SuiteRunner.java:330)\r\n\tat org.testng.SuiteRunnerWorker.runSuite(SuiteRunnerWorker.java:52)\r\n\tat org.testng.SuiteRunnerWorker.run(SuiteRunnerWorker.java:95)\r\n\tat org.testng.TestNG.runSuitesSequentially(TestNG.java:1256)\r\n\tat org.testng.TestNG.runSuitesLocally(TestNG.java:1176)\r\n\tat org.testng.TestNG.runSuites(TestNG.java:1099)\r\n\tat org.testng.TestNG.run(TestNG.java:1067)\r\n\tat com.intellij.rt.testng.IDEARemoteTestNG.run(IDEARemoteTestNG.java:66)\r\n\tat com.intellij.rt.testng.RemoteTestNGStarter.main(RemoteTestNGStarter.java:109)\r\nCaused by: java.lang.NullPointerException: Cannot invoke \"org.openqa.selenium.WebElement.getText()\" because the return value of \"Automation.engine.elementWorks.ElementHelper.locateElement(org.openqa.selenium.WebDriver, org.openqa.selenium.By, String)\" is null\r\n\tat Automation.engine.elementWorks.ElementActions.GetElementText(ElementActions.java:65)\r\n\t... 27 more\r\n"},"stage":"finished","description":"Check Admin login with Valid and Invalid credentials","steps":[{"name":"Go to Login page","status":"passed","stage":"finished","steps":[],"attachments":[],"parameters":[],"start":1695440320360,"stop":1695440320360},{"name":"Write : [suzy.satterfield@hotmail.com] in : [Login Token Field]","status":"passed","stage":"finished","steps":[],"attachments":[],"parameters":[],"start":1695440322477,"stop":1695440322477},{"name":"Click on [Login Button]","status":"passed","stage":"finished","steps":[],"attachments":[],"parameters":[],"start":1695440323200,"stop":1695440323200},{"name":"Check the text in [Dashboard page title]","status":"passed","stage":"finished","steps":[],"attachments":[],"parameters":[],"start":1695440323293,"stop":1695440323293},{"name":"Check the text in [Dashboard page title]","status":"passed","stage":"finished","steps":[],"attachments":[],"parameters":[],"start":1695440328593,"stop":1695440328593}],"attachments":[],"parameters":[{"name":"allure.results.directory","value":"results/test3"}],"start":1695440320199,"stop":1695440328595}