{"uid":"1811e41680d53506","name":"TestAdminLogin","fullName":"TestAutofox.gui.AdminLogin.TestAdminLogin","historyId":"90825ec783dee92b3f987ca398759c52","time":{"start":1695439042610,"stop":1695439054596,"duration":11986},"description":"Check Admin login with Valid and Invalid credentials","descriptionHtml":"<p>Check Admin login with Valid and Invalid credentials</p>\n","status":"failed","statusMessage":"Failed to detect text on :[Dashboard page title]","statusTrace":"java.lang.AssertionError: Failed to detect text on :[Dashboard page title]\r\n\tat org.testng.Assert.fail(Assert.java:98)\r\n\tat Automation.engine.elementWorks.ElementActions.GetElementText(ElementActions.java:72)\r\n\tat Autofox.pages.DashboardPage.GetDashboardPageTitleName(DashboardPage.java:32)\r\n\tat TestAutofox.gui.AdminLogin.TestAdminLogin(AdminLogin.java:56)\r\n\tat java.base/jdk.internal.reflect.DirectMethodHandleAccessor.invoke(DirectMethodHandleAccessor.java:104)\r\n\tat java.base/java.lang.reflect.Method.invoke(Method.java:577)\r\n\tat org.testng.internal.invokers.MethodInvocationHelper.invokeMethod(MethodInvocationHelper.java:139)\r\n\tat org.testng.internal.invokers.TestInvoker.invokeMethod(TestInvoker.java:677)\r\n\tat org.testng.internal.invokers.TestInvoker.invokeTestMethod(TestInvoker.java:221)\r\n\tat org.testng.internal.invokers.MethodRunner.runInSequence(MethodRunner.java:50)\r\n\tat org.testng.internal.invokers.TestInvoker$MethodInvocationAgent.invoke(TestInvoker.java:969)\r\n\tat org.testng.internal.invokers.TestInvoker.invokeTestMethods(TestInvoker.java:194)\r\n\tat org.testng.internal.invokers.TestMethodWorker.invokeTestMethods(TestMethodWorker.java:148)\r\n\tat org.testng.internal.invokers.TestMethodWorker.run(TestMethodWorker.java:128)\r\n\tat java.base/java.util.ArrayList.forEach(ArrayList.java:1511)\r\n\tat org.testng.TestRunner.privateRun(TestRunner.java:829)\r\n\tat org.testng.TestRunner.run(TestRunner.java:602)\r\n\tat org.testng.SuiteRunner.runTest(SuiteRunner.java:437)\r\n\tat org.testng.SuiteRunner$SuiteWorker.run(SuiteRunner.java:475)\r\n\tat org.testng.internal.thread.ThreadUtil.lambda$execute$0(ThreadUtil.java:58)\r\n\tat java.base/java.util.concurrent.FutureTask.run(FutureTask.java:264)\r\n\tat java.base/java.util.concurrent.ThreadPoolExecutor.runWorker(ThreadPoolExecutor.java:1136)\r\n\tat java.base/java.util.concurrent.ThreadPoolExecutor$Worker.run(ThreadPoolExecutor.java:635)\r\n\tat java.base/java.lang.Thread.run(Thread.java:833)\r\nCaused by: java.lang.NullPointerException: Cannot invoke \"org.openqa.selenium.WebElement.getText()\" because the return value of \"Automation.engine.elementWorks.ElementHelper.locateElement(org.openqa.selenium.WebDriver, org.openqa.selenium.By, String)\" is null\r\n\tat Automation.engine.elementWorks.ElementActions.GetElementText(ElementActions.java:65)\r\n\t... 22 more\r\n","flaky":false,"newFailed":false,"newBroken":false,"newPassed":false,"retriesCount":0,"retriesStatusChange":false,"beforeStages":[{"name":"setup","time":{"start":1695438979660,"stop":1695439042598,"duration":62938},"description":"","status":"passed","steps":[{"name":"Start Browser","time":{"start":1695438979671,"stop":1695438979673,"duration":2},"status":"passed","steps":[],"attachments":[],"parameters":[],"attachmentsCount":0,"shouldDisplayMessage":false,"hasContent":false,"stepsCount":0},{"name":"Initializing driver {local} firefox","time":{"start":1695438980010,"stop":1695438980010,"duration":0},"status":"passed","steps":[],"attachments":[],"parameters":[],"attachmentsCount":0,"shouldDisplayMessage":false,"hasContent":false,"stepsCount":0},{"name":"Maximize browser window","time":{"start":1695439042596,"stop":1695439042596,"duration":0},"status":"passed","steps":[],"attachments":[],"parameters":[],"attachmentsCount":0,"shouldDisplayMessage":false,"hasContent":false,"stepsCount":0}],"attachments":[],"parameters":[],"attachmentsCount":0,"shouldDisplayMessage":false,"hasContent":true,"stepsCount":3}],"testStage":{"description":"Check Admin login with Valid and Invalid credentials","status":"failed","statusMessage":"Failed to detect text on :[Dashboard page title]","statusTrace":"java.lang.AssertionError: Failed to detect text on :[Dashboard page title]\r\n\tat org.testng.Assert.fail(Assert.java:98)\r\n\tat Automation.engine.elementWorks.ElementActions.GetElementText(ElementActions.java:72)\r\n\tat Autofox.pages.DashboardPage.GetDashboardPageTitleName(DashboardPage.java:32)\r\n\tat TestAutofox.gui.AdminLogin.TestAdminLogin(AdminLogin.java:56)\r\n\tat java.base/jdk.internal.reflect.DirectMethodHandleAccessor.invoke(DirectMethodHandleAccessor.java:104)\r\n\tat java.base/java.lang.reflect.Method.invoke(Method.java:577)\r\n\tat org.testng.internal.invokers.MethodInvocationHelper.invokeMethod(MethodInvocationHelper.java:139)\r\n\tat org.testng.internal.invokers.TestInvoker.invokeMethod(TestInvoker.java:677)\r\n\tat org.testng.internal.invokers.TestInvoker.invokeTestMethod(TestInvoker.java:221)\r\n\tat org.testng.internal.invokers.MethodRunner.runInSequence(MethodRunner.java:50)\r\n\tat org.testng.internal.invokers.TestInvoker$MethodInvocationAgent.invoke(TestInvoker.java:969)\r\n\tat org.testng.internal.invokers.TestInvoker.invokeTestMethods(TestInvoker.java:194)\r\n\tat org.testng.internal.invokers.TestMethodWorker.invokeTestMethods(TestMethodWorker.java:148)\r\n\tat org.testng.internal.invokers.TestMethodWorker.run(TestMethodWorker.java:128)\r\n\tat java.base/java.util.ArrayList.forEach(ArrayList.java:1511)\r\n\tat org.testng.TestRunner.privateRun(TestRunner.java:829)\r\n\tat org.testng.TestRunner.run(TestRunner.java:602)\r\n\tat org.testng.SuiteRunner.runTest(SuiteRunner.java:437)\r\n\tat org.testng.SuiteRunner$SuiteWorker.run(SuiteRunner.java:475)\r\n\tat org.testng.internal.thread.ThreadUtil.lambda$execute$0(ThreadUtil.java:58)\r\n\tat java.base/java.util.concurrent.FutureTask.run(FutureTask.java:264)\r\n\tat java.base/java.util.concurrent.ThreadPoolExecutor.runWorker(ThreadPoolExecutor.java:1136)\r\n\tat java.base/java.util.concurrent.ThreadPoolExecutor$Worker.run(ThreadPoolExecutor.java:635)\r\n\tat java.base/java.lang.Thread.run(Thread.java:833)\r\nCaused by: java.lang.NullPointerException: Cannot invoke \"org.openqa.selenium.WebElement.getText()\" because the return value of \"Automation.engine.elementWorks.ElementHelper.locateElement(org.openqa.selenium.WebDriver, org.openqa.selenium.By, String)\" is null\r\n\tat Automation.engine.elementWorks.ElementActions.GetElementText(ElementActions.java:65)\r\n\t... 22 more\r\n","steps":[{"name":"Go to Login page","time":{"start":1695439042690,"stop":1695439042691,"duration":1},"status":"passed","steps":[],"attachments":[],"parameters":[],"attachmentsCount":0,"shouldDisplayMessage":false,"hasContent":false,"stepsCount":0},{"name":"Write : [reid.goyette@hotmail.com] in : [Login Token Field]","time":{"start":1695439045959,"stop":1695439045959,"duration":0},"status":"passed","steps":[],"attachments":[],"parameters":[],"attachmentsCount":0,"shouldDisplayMessage":false,"hasContent":false,"stepsCount":0},{"name":"Click on [Login Button]","time":{"start":1695439048632,"stop":1695439048632,"duration":0},"status":"passed","steps":[],"attachments":[],"parameters":[],"attachmentsCount":0,"shouldDisplayMessage":false,"hasContent":false,"stepsCount":0},{"name":"Check the text in [Dashboard page title]","time":{"start":1695439049076,"stop":1695439049076,"duration":0},"status":"passed","steps":[],"attachments":[],"parameters":[],"attachmentsCount":0,"shouldDisplayMessage":false,"hasContent":false,"stepsCount":0},{"name":"Check the text in [Dashboard page title]","time":{"start":1695439054596,"stop":1695439054596,"duration":0},"status":"passed","steps":[],"attachments":[],"parameters":[],"attachmentsCount":0,"shouldDisplayMessage":false,"hasContent":false,"stepsCount":0}],"attachments":[],"parameters":[],"attachmentsCount":0,"shouldDisplayMessage":true,"hasContent":true,"stepsCount":5},"afterStages":[{"name":"TearDown","time":{"start":1695439057220,"stop":1695439060833,"duration":3613},"description":"","status":"passed","steps":[{"name":"Close Browser","time":{"start":1695439057222,"stop":1695439057222,"duration":0},"status":"passed","steps":[],"attachments":[],"parameters":[],"attachmentsCount":0,"shouldDisplayMessage":false,"hasContent":false,"stepsCount":0}],"attachments":[],"parameters":[],"attachmentsCount":0,"shouldDisplayMessage":false,"hasContent":true,"stepsCount":1}],"labels":[{"name":"package","value":"TestAutofox.gui.AdminLogin"},{"name":"testClass","value":"TestAutofox.gui.AdminLogin"},{"name":"testMethod","value":"TestAdminLogin"},{"name":"parentSuite","value":"Login1"},{"name":"suite","value":"test1"},{"name":"subSuite","value":"TestAutofox.gui.AdminLogin"},{"name":"host","value":"DESKTOP-U7NCNIN"},{"name":"thread","value":"7428@DESKTOP-U7NCNIN.TestNG-tests-1(21)"},{"name":"framework","value":"testng"},{"name":"language","value":"java"},{"name":"severity","value":"critical"},{"name":"resultFormat","value":"allure2"}],"parameters":[{"name":"allure.results.directory","value":"results/test1"}],"links":[],"hidden":false,"retry":false,"extra":{"severity":"critical","retries":[],"categories":[{"name":"Product defects","matchedStatuses":[],"flaky":false}],"tags":[]},"source":"1811e41680d53506.json","parameterValues":["results/test1"]}