{"uid":"8477b6fe03446a55","name":"InvalidAdminCannotLogin","fullName":"TestAutofox.gui.AdminLogin2.InvalidAdminCannotLogin","historyId":"32189c561161a5eb8f286383a7e5e4f","time":{"start":1691187058763,"stop":1691187072239,"duration":13476},"description":"invalid Admin cannot login","descriptionHtml":"<p>invalid Admin cannot login</p>\n","status":"failed","statusMessage":"(TimeOut) Error While detecting element Invalid Creds Error Toaster Messages","statusTrace":"java.lang.AssertionError: (TimeOut) Error While detecting element Invalid Creds Error Toaster Messages\r\n\tat org.testng.Assert.fail(Assert.java:110)\r\n\tat Automation.engine.elementWorks.ElementHelper.locateElement(ElementHelper.java:27)\r\n\tat Automation.engine.elementWorks.ElementActions.GetElementText(ElementActions.java:80)\r\n\tat Autofox.pages.LoginPage.GetInvalidCredsErrorToaster(LoginPage.java:51)\r\n\tat TestAutofox.gui.AdminLogin2.InvalidAdminCannotLogin(AdminLogin2.java:87)\r\n\tat java.base/jdk.internal.reflect.DirectMethodHandleAccessor.invoke(DirectMethodHandleAccessor.java:104)\r\n\tat java.base/java.lang.reflect.Method.invoke(Method.java:577)\r\n\tat org.testng.internal.invokers.MethodInvocationHelper.invokeMethod(MethodInvocationHelper.java:139)\r\n\tat org.testng.internal.invokers.TestInvoker.invokeMethod(TestInvoker.java:677)\r\n\tat org.testng.internal.invokers.TestInvoker.invokeTestMethod(TestInvoker.java:221)\r\n\tat org.testng.internal.invokers.MethodRunner.runInSequence(MethodRunner.java:50)\r\n\tat org.testng.internal.invokers.TestInvoker$MethodInvocationAgent.invoke(TestInvoker.java:969)\r\n\tat org.testng.internal.invokers.TestInvoker.invokeTestMethods(TestInvoker.java:194)\r\n\tat org.testng.internal.invokers.TestMethodWorker.invokeTestMethods(TestMethodWorker.java:148)\r\n\tat org.testng.internal.invokers.TestMethodWorker.run(TestMethodWorker.java:128)\r\n\tat java.base/java.util.ArrayList.forEach(ArrayList.java:1511)\r\n\tat org.testng.TestRunner.privateRun(TestRunner.java:829)\r\n\tat org.testng.TestRunner.run(TestRunner.java:602)\r\n\tat org.testng.SuiteRunner.runTest(SuiteRunner.java:437)\r\n\tat org.testng.SuiteRunner.runSequentially(SuiteRunner.java:431)\r\n\tat org.testng.SuiteRunner.privateRun(SuiteRunner.java:391)\r\n\tat org.testng.SuiteRunner.run(SuiteRunner.java:330)\r\n\tat org.testng.SuiteRunnerWorker.runSuite(SuiteRunnerWorker.java:52)\r\n\tat org.testng.SuiteRunnerWorker.run(SuiteRunnerWorker.java:95)\r\n\tat org.testng.TestNG.runSuitesSequentially(TestNG.java:1256)\r\n\tat org.testng.TestNG.runSuitesLocally(TestNG.java:1176)\r\n\tat org.testng.TestNG.runSuites(TestNG.java:1099)\r\n\tat org.testng.TestNG.run(TestNG.java:1067)\r\n\tat com.intellij.rt.testng.IDEARemoteTestNG.run(IDEARemoteTestNG.java:66)\r\n\tat com.intellij.rt.testng.RemoteTestNGStarter.main(RemoteTestNGStarter.java:109)\r\n","flaky":false,"newFailed":false,"newBroken":false,"newPassed":false,"retriesCount":1,"retriesStatusChange":true,"beforeStages":[{"name":"setup","time":{"start":1691187052894,"stop":1691187058712,"duration":5818},"description":"","status":"passed","steps":[{"name":"Initializing Chrome driver {Grid node} ","time":{"start":1691187058479,"stop":1691187058480,"duration":1},"status":"passed","steps":[],"attachments":[],"parameters":[],"stepsCount":0,"hasContent":false,"shouldDisplayMessage":false,"attachmentsCount":0},{"name":"Open chrome Browser","time":{"start":1691187058480,"stop":1691187058480,"duration":0},"status":"passed","steps":[],"attachments":[],"parameters":[],"stepsCount":0,"hasContent":false,"shouldDisplayMessage":false,"attachmentsCount":0},{"name":"Maximize browser window","time":{"start":1691187058712,"stop":1691187058712,"duration":0},"status":"passed","steps":[],"attachments":[],"parameters":[],"stepsCount":0,"hasContent":false,"shouldDisplayMessage":false,"attachmentsCount":0}],"attachments":[],"parameters":[],"stepsCount":3,"hasContent":true,"shouldDisplayMessage":false,"attachmentsCount":0}],"testStage":{"description":"invalid Admin cannot login","status":"failed","statusMessage":"(TimeOut) Error While detecting element Invalid Creds Error Toaster Messages","statusTrace":"java.lang.AssertionError: (TimeOut) Error While detecting element Invalid Creds Error Toaster Messages\r\n\tat org.testng.Assert.fail(Assert.java:110)\r\n\tat Automation.engine.elementWorks.ElementHelper.locateElement(ElementHelper.java:27)\r\n\tat Automation.engine.elementWorks.ElementActions.GetElementText(ElementActions.java:80)\r\n\tat Autofox.pages.LoginPage.GetInvalidCredsErrorToaster(LoginPage.java:51)\r\n\tat TestAutofox.gui.AdminLogin2.InvalidAdminCannotLogin(AdminLogin2.java:87)\r\n\tat java.base/jdk.internal.reflect.DirectMethodHandleAccessor.invoke(DirectMethodHandleAccessor.java:104)\r\n\tat java.base/java.lang.reflect.Method.invoke(Method.java:577)\r\n\tat org.testng.internal.invokers.MethodInvocationHelper.invokeMethod(MethodInvocationHelper.java:139)\r\n\tat org.testng.internal.invokers.TestInvoker.invokeMethod(TestInvoker.java:677)\r\n\tat org.testng.internal.invokers.TestInvoker.invokeTestMethod(TestInvoker.java:221)\r\n\tat org.testng.internal.invokers.MethodRunner.runInSequence(MethodRunner.java:50)\r\n\tat org.testng.internal.invokers.TestInvoker$MethodInvocationAgent.invoke(TestInvoker.java:969)\r\n\tat org.testng.internal.invokers.TestInvoker.invokeTestMethods(TestInvoker.java:194)\r\n\tat org.testng.internal.invokers.TestMethodWorker.invokeTestMethods(TestMethodWorker.java:148)\r\n\tat org.testng.internal.invokers.TestMethodWorker.run(TestMethodWorker.java:128)\r\n\tat java.base/java.util.ArrayList.forEach(ArrayList.java:1511)\r\n\tat org.testng.TestRunner.privateRun(TestRunner.java:829)\r\n\tat org.testng.TestRunner.run(TestRunner.java:602)\r\n\tat org.testng.SuiteRunner.runTest(SuiteRunner.java:437)\r\n\tat org.testng.SuiteRunner.runSequentially(SuiteRunner.java:431)\r\n\tat org.testng.SuiteRunner.privateRun(SuiteRunner.java:391)\r\n\tat org.testng.SuiteRunner.run(SuiteRunner.java:330)\r\n\tat org.testng.SuiteRunnerWorker.runSuite(SuiteRunnerWorker.java:52)\r\n\tat org.testng.SuiteRunnerWorker.run(SuiteRunnerWorker.java:95)\r\n\tat org.testng.TestNG.runSuitesSequentially(TestNG.java:1256)\r\n\tat org.testng.TestNG.runSuitesLocally(TestNG.java:1176)\r\n\tat org.testng.TestNG.runSuites(TestNG.java:1099)\r\n\tat org.testng.TestNG.run(TestNG.java:1067)\r\n\tat com.intellij.rt.testng.IDEARemoteTestNG.run(IDEARemoteTestNG.java:66)\r\n\tat com.intellij.rt.testng.RemoteTestNGStarter.main(RemoteTestNGStarter.java:109)\r\n","steps":[{"name":"Go to Login page","time":{"start":1691187064087,"stop":1691187064087,"duration":0},"status":"passed","steps":[],"attachments":[],"parameters":[],"stepsCount":0,"hasContent":false,"shouldDisplayMessage":false,"attachmentsCount":0},{"name":"in [Login Token Field] Insert [this is invalid token]","time":{"start":1691187066255,"stop":1691187066255,"duration":0},"status":"passed","steps":[],"attachments":[],"parameters":[],"stepsCount":0,"hasContent":false,"shouldDisplayMessage":false,"attachmentsCount":0},{"name":"click on [Login Button]","time":{"start":1691187066781,"stop":1691187066781,"duration":0},"status":"passed","steps":[],"attachments":[],"parameters":[],"stepsCount":0,"hasContent":false,"shouldDisplayMessage":false,"attachmentsCount":0}],"attachments":[],"parameters":[],"stepsCount":3,"hasContent":true,"shouldDisplayMessage":true,"attachmentsCount":0},"afterStages":[{"name":"TearDown","time":{"start":1691187072295,"stop":1691187073348,"duration":1053},"description":"","status":"passed","steps":[{"name":"Close chrome Browser","time":{"start":1691187072295,"stop":1691187072295,"duration":0},"status":"passed","steps":[],"attachments":[],"parameters":[],"stepsCount":0,"hasContent":false,"shouldDisplayMessage":false,"attachmentsCount":0}],"attachments":[],"parameters":[],"stepsCount":1,"hasContent":true,"shouldDisplayMessage":false,"attachmentsCount":0},{"name":"CreateReport","time":{"start":1691187073460,"stop":1691187155345,"duration":81885},"description":"","status":"passed","steps":[],"attachments":[],"parameters":[],"stepsCount":0,"hasContent":false,"shouldDisplayMessage":false,"attachmentsCount":0}],"labels":[{"name":"package","value":"TestAutofox.gui.AdminLogin2"},{"name":"testClass","value":"TestAutofox.gui.AdminLogin2"},{"name":"testMethod","value":"InvalidAdminCannotLogin"},{"name":"parentSuite","value":"Default Suite"},{"name":"suite","value":"Autofox"},{"name":"subSuite","value":"TestAutofox.gui.AdminLogin2"},{"name":"host","value":"DESKTOP-U7NCNIN"},{"name":"thread","value":"5372@DESKTOP-U7NCNIN.main(1)"},{"name":"framework","value":"testng"},{"name":"language","value":"java"},{"name":"severity","value":"critical"},{"name":"resultFormat","value":"allure2"}],"parameters":[],"links":[],"hidden":false,"retry":false,"extra":{"severity":"critical","retries":[{"uid":"b247a99d8f999493","status":"passed","time":{"start":1690751359494,"stop":1690751363576,"duration":4082}}],"categories":[{"name":"Product defects","matchedStatuses":[],"flaky":false}],"tags":[]},"source":"8477b6fe03446a55.json","parameterValues":[]}